<?xml version="1.0" encoding="UTF-8"?>
<testng-results ignored="0" total="2" passed="2" failed="0" skipped="0">
  <reporter-output>
  </reporter-output>
  <suite started-at="2024-04-02T15:45:21 IST" name="Suite" finished-at="2024-04-02T15:45:32 IST" duration-ms="10825">
    <groups>
    </groups>
    <test started-at="2024-04-02T15:45:21 IST" name="Test" finished-at="2024-04-02T15:45:32 IST" duration-ms="10825">
      <class name="UdemyClass.ErrorValidationTest">
        <test-method is-config="true" signature="launchApplication()[pri:0, instance:UdemyClass.ErrorValidationTest@2b30a42c]" started-at="2024-04-02T15:45:21 IST" name="launchApplication" finished-at="2024-04-02T15:45:25 IST" duration-ms="4091" status="PASS">
          <reporter-output>
          </reporter-output>
        </test-method> <!-- launchApplication -->
        <test-method signature="loginErrorValidation()[pri:0, instance:UdemyClass.ErrorValidationTest@2b30a42c]" started-at="2024-04-02T15:45:25 IST" name="loginErrorValidation" finished-at="2024-04-02T15:45:26 IST" duration-ms="1065" status="PASS">
          <reporter-output>
          </reporter-output>
        </test-method> <!-- loginErrorValidation -->
        <test-method is-config="true" signature="tearDown()[pri:0, instance:UdemyClass.ErrorValidationTest@2b30a42c]" started-at="2024-04-02T15:45:26 IST" name="tearDown" finished-at="2024-04-02T15:45:26 IST" duration-ms="144" status="PASS">
          <reporter-output>
          </reporter-output>
        </test-method> <!-- tearDown -->
        <test-method is-config="true" signature="launchApplication()[pri:0, instance:UdemyClass.ErrorValidationTest@2b30a42c]" started-at="2024-04-02T15:45:26 IST" name="launchApplication" finished-at="2024-04-02T15:45:29 IST" duration-ms="2679" status="PASS">
          <reporter-output>
          </reporter-output>
        </test-method> <!-- launchApplication -->
        <test-method signature="productErrorValidation()[pri:0, instance:UdemyClass.ErrorValidationTest@2b30a42c]" started-at="2024-04-02T15:45:29 IST" name="productErrorValidation" finished-at="2024-04-02T15:45:32 IST" duration-ms="2682" status="PASS">
          <reporter-output>
          </reporter-output>
        </test-method> <!-- productErrorValidation -->
        <test-method is-config="true" signature="tearDown()[pri:0, instance:UdemyClass.ErrorValidationTest@2b30a42c]" started-at="2024-04-02T15:45:32 IST" name="tearDown" finished-at="2024-04-02T15:45:32 IST" duration-ms="112" status="PASS">
          <reporter-output>
          </reporter-output>
        </test-method> <!-- tearDown -->
      </class> <!-- UdemyClass.ErrorValidationTest -->
    </test> <!-- Test -->
  </suite> <!-- Suite -->
</testng-results>
